<?xml version="1.0" encoding="UTF-8"?>
<!-- Generated by org.testng.reporters.JUnitReportReporter -->
<testsuite hostname="DESKTOP-15C49AD" failures="0" tests="3" name="tests.AddProductToCartTest" time="84.706" errors="0" timestamp="2021-12-02T13:37:42 EET" skipped="0">
  <testcase classname="tests.AddProductToCartTest" name="userSearch" time="69.375"/>
  <system-out/>
  <testcase classname="tests.AddProductToCartTest" name="userAddProductToCart" time="10.667"/>
  <system-out/>
  <testcase classname="tests.AddProductToCartTest" name="userRegisteredSuccessfully" time="4.664"/>
  <system-out/>
</testsuite> <!-- tests.AddProductToCartTest -->
