<?xml version="1.0" encoding="UTF-8"?>
<!-- Generated by org.testng.reporters.JUnitReportReporter -->
<testsuite hostname="DESKTOP-15C49AD" failures="0" tests="3" name="tests.UserRegisterationUsingDDTAndFakerTest" time="10.455" errors="0" timestamp="2021-12-02T13:38:45 EET" skipped="0">
  <testcase classname="tests.UserRegisterationUsingDDTAndFakerTest" name="userRegisterLogout" time="3.612"/>
  <system-out/>
  <testcase classname="tests.UserRegisterationUsingDDTAndFakerTest" name="userRegisterLogin" time="2.217"/>
  <system-out/>
  <testcase classname="tests.UserRegisterationUsingDDTAndFakerTest" name="userRegisteredSuccessfully" time="4.626"/>
  <system-out/>
</testsuite> <!-- tests.UserRegisterationUsingDDTAndFakerTest -->
